2025-07-05 17:40:51 update CI pipeline
2025-11-25 05:39:45 UI improvements
2025-03-18 00:22:10 fix compatibility
2025-07-23 13:08:05 adjust error messages
2025-09-10 12:02:04 update docs with examples
2025-01-08 06:30:57 optimize function
2025-01-19 23:54:28 better error handling
2025-03-29 03:54:12 rollback changes
2025-05-18 09:31:14 update feature
2025-09-25 10:27:56 fix encoding issue
2025-02-11 20:40:17 remove test code
2025-08-21 03:14:05 improve docs
2025-09-10 06:31:03 restructure project
2025-06-09 10:02:29 UI improvements
2025-05-02 15:09:56 improve UX
2025-11-15 05:36:42 update scripts
2025-04-26 00:23:33 improve UX
2025-09-22 12:19:37 restructure project
2025-07-23 03:49:39 restructure project
2025-12-23 18:58:13 update API endpoints
